<?xml version="1.0" encoding="UTF-8"?>
<robot generator="Robot 5.0 (Python 3.9.7 on darwin)" generated="20220824 16:42:40.764" rpa="false" schemaversion="3">
<suite id="s1" name="Tests" source="/Users/applemacbook_pro/Projects/Blogging/PushChanges/parallel-testing-with-robot-framework/Tests">
<suite id="s1-s1" name="Test Sel Playground" source="/Users/applemacbook_pro/Projects/Blogging/PushChanges/parallel-testing-with-robot-framework/Tests/test_sel_playground.robot">
<test id="s1-s1-t1" name="Example 2: [Playground] Parallel Testing with Robot framework" line="27">
<kw name="Open test browser" library="Common">
<arg>${site_url}</arg>
<arg>${BROWSER}</arg>
<arg>${CAPABILITIES}</arg>
<kw name="Open Browser" library="SeleniumLibrary">
<arg>${TEST_URL}</arg>
<arg>${BROWSER}</arg>
<arg>remote_url=${REMOTE_URL}</arg>
<arg>desired_capabilities=${CAPABILITIES}</arg>
<doc>Opens a new browser instance to the optional ``url``.</doc>
<msg timestamp="20220824 16:42:41.201" level="INFO">Opening browser 'Firefox' to base url 'https://www.lambdatest.com/selenium-playground/' through remote server at 'http://himanshujlambdatest:7A6pDWfFCavmJajP7466YAnCaH5pndMtfG0TnsSbfaPzUeJmu3@hub.lambdatest.com/wd/hub'.</msg>
<status status="PASS" starttime="20220824 16:42:41.200" endtime="20220824 16:42:52.275"/>
</kw>
<timeout value="50 minutes"/>
<status status="PASS" starttime="20220824 16:42:41.199" endtime="20220824 16:42:52.276"/>
</kw>
<kw name="Page Should Contain Element" library="SeleniumLibrary">
<arg>xpath://a[.='Input Form Submit']</arg>
<doc>Verifies that element ``locator`` is found on the current page.</doc>
<msg timestamp="20220824 16:42:52.890" level="INFO">Current page contains element 'xpath://a[.='Input Form Submit']'.</msg>
<status status="PASS" starttime="20220824 16:42:52.276" endtime="20220824 16:42:52.891"/>
</kw>
<kw name="Click Link" library="SeleniumLibrary">
<arg>${SubmitButton}</arg>
<doc>Clicks a link identified by ``locator``.</doc>
<msg timestamp="20220824 16:42:52.891" level="INFO">Clicking link 'xpath=//a[.='Input Form Submit']'.</msg>
<status status="PASS" starttime="20220824 16:42:52.891" endtime="20220824 16:42:55.425"/>
</kw>
<kw name="Page Should Contain Element" library="SeleniumLibrary">
<arg>${Name}</arg>
<doc>Verifies that element ``locator`` is found on the current page.</doc>
<msg timestamp="20220824 16:42:55.990" level="INFO">Current page contains element 'name:name'.</msg>
<status status="PASS" starttime="20220824 16:42:55.425" endtime="20220824 16:42:55.990"/>
</kw>
<kw name="Input Text" library="SeleniumLibrary">
<arg>${Name}</arg>
<arg>TestName</arg>
<doc>Types the given ``text`` into the text field identified by ``locator``.</doc>
<msg timestamp="20220824 16:42:55.990" level="INFO">Typing text 'TestName' into text field 'name:name'.</msg>
<status status="PASS" starttime="20220824 16:42:55.990" endtime="20220824 16:42:57.516"/>
</kw>
<kw name="Sleep" library="BuiltIn">
<arg>5</arg>
<doc>Pauses the test executed for the given time.</doc>
<msg timestamp="20220824 16:43:02.516" level="INFO">Slept 5 seconds</msg>
<status status="PASS" starttime="20220824 16:42:57.516" endtime="20220824 16:43:02.517"/>
</kw>
<kw name="Input Text" library="SeleniumLibrary">
<arg>${email}</arg>
<arg>testing@gmail.com</arg>
<doc>Types the given ``text`` into the text field identified by ``locator``.</doc>
<msg timestamp="20220824 16:43:02.517" level="INFO">Typing text 'testing@gmail.com' into text field 'id:inputEmail4'.</msg>
<status status="PASS" starttime="20220824 16:43:02.517" endtime="20220824 16:43:05.365"/>
</kw>
<kw name="Input Text" library="SeleniumLibrary">
<arg>${passwd}</arg>
<arg>Password1</arg>
<doc>Types the given ``text`` into the text field identified by ``locator``.</doc>
<msg timestamp="20220824 16:43:05.366" level="INFO">Typing text 'Password1' into text field '//input[@name='password']'.</msg>
<status status="PASS" starttime="20220824 16:43:05.365" endtime="20220824 16:43:06.956"/>
</kw>
<kw name="Input Text" library="SeleniumLibrary">
<arg>${company}</arg>
<arg>LambdaTest</arg>
<doc>Types the given ``text`` into the text field identified by ``locator``.</doc>
<msg timestamp="20220824 16:43:06.957" level="INFO">Typing text 'LambdaTest' into text field '//input[@id='company']'.</msg>
<status status="PASS" starttime="20220824 16:43:06.956" endtime="20220824 16:43:08.525"/>
</kw>
<kw name="Input Text" library="SeleniumLibrary">
<arg>${website}</arg>
<arg>https://wwww.lambdatest.com</arg>
<doc>Types the given ``text`` into the text field identified by ``locator``.</doc>
<msg timestamp="20220824 16:43:08.526" level="INFO">Typing text 'https://wwww.lambdatest.com' into text field 'css=#websitename'.</msg>
<status status="PASS" starttime="20220824 16:43:08.525" endtime="20220824 16:43:10.101"/>
</kw>
<kw name="Select From List By Value" library="SeleniumLibrary">
<arg>${country}</arg>
<arg>US</arg>
<doc>Selects options from selection list ``locator`` by ``values``.</doc>
<msg timestamp="20220824 16:43:10.102" level="INFO">Selecting options from selection list 'name:country' by value US.</msg>
<status status="PASS" starttime="20220824 16:43:10.102" endtime="20220824 16:43:16.082"/>
</kw>
<kw name="Input Text" library="SeleniumLibrary">
<arg>${city}</arg>
<arg>San Jose</arg>
<doc>Types the given ``text`` into the text field identified by ``locator``.</doc>
<msg timestamp="20220824 16:43:16.082" level="INFO">Typing text 'San Jose' into text field '//input[@id='inputCity']'.</msg>
<status status="PASS" starttime="20220824 16:43:16.082" endtime="20220824 16:43:18.666"/>
</kw>
<kw name="Input Text" library="SeleniumLibrary">
<arg>${address1}</arg>
<arg>Googleplex, 1600 Amphitheatre Pkwy</arg>
<doc>Types the given ``text`` into the text field identified by ``locator``.</doc>
<msg timestamp="20220824 16:43:18.667" level="INFO">Typing text 'Googleplex, 1600 Amphitheatre Pkwy' into text field 'css=#inputZip'.</msg>
<status status="PASS" starttime="20220824 16:43:18.666" endtime="20220824 16:43:20.309"/>
</kw>
<kw name="Input Text" library="SeleniumLibrary">
<arg>${address2}</arg>
<arg>Mountain View, CA 94043</arg>
<doc>Types the given ``text`` into the text field identified by ``locator``.</doc>
<msg timestamp="20220824 16:43:20.310" level="INFO">Typing text 'Mountain View, CA 94043' into text field 'id:inputAddress2'.</msg>
<status status="PASS" starttime="20220824 16:43:20.309" endtime="20220824 16:43:22.147"/>
</kw>
<kw name="Input Text" library="SeleniumLibrary">
<arg>${state}</arg>
<arg>California</arg>
<doc>Types the given ``text`` into the text field identified by ``locator``.</doc>
<msg timestamp="20220824 16:43:22.148" level="INFO">Typing text 'California' into text field 'css=#inputState'.</msg>
<status status="PASS" starttime="20220824 16:43:22.147" endtime="20220824 16:43:23.741"/>
</kw>
<kw name="Input Text" library="SeleniumLibrary">
<arg>${city}</arg>
<arg>San Jose</arg>
<doc>Types the given ``text`` into the text field identified by ``locator``.</doc>
<msg timestamp="20220824 16:43:23.742" level="INFO">Typing text 'San Jose' into text field '//input[@id='inputCity']'.</msg>
<status status="PASS" starttime="20220824 16:43:23.741" endtime="20220824 16:43:24.852"/>
</kw>
<kw name="Input Text" library="SeleniumLibrary">
<arg>${address1}</arg>
<arg>94088</arg>
<doc>Types the given ``text`` into the text field identified by ``locator``.</doc>
<msg timestamp="20220824 16:43:24.852" level="INFO">Typing text '94088' into text field 'css=#inputZip'.</msg>
<status status="PASS" starttime="20220824 16:43:24.852" endtime="20220824 16:43:26.063"/>
</kw>
<kw name="Close test browser" library="Common" type="TEARDOWN">
<kw name="Run Keyword If" library="BuiltIn">
<arg>'${REMOTE_URL}' != ''</arg>
<arg>report lambdatest status</arg>
<arg>${TEST_NAME}</arg>
<arg>${TEST_STATUS}</arg>
<doc>Runs the given keyword with the given arguments, if ``condition`` is true.</doc>
<kw name="Report Lambdatest Status" library="LambdaTestStatus">
<arg>${TEST_NAME}</arg>
<arg>${TEST_STATUS}</arg>
<msg timestamp="20220824 16:43:26.065" level="INFO">Executing JavaScript:
lambda-status=passed
Without any arguments.</msg>
<msg timestamp="20220824 16:43:27.568" level="INFO">Executing JavaScript:
lambda-name=Example 2: [Playground] Parallel Testing with Robot framework
Without any arguments.</msg>
<status status="PASS" starttime="20220824 16:43:26.064" endtime="20220824 16:43:29.170"/>
</kw>
<status status="PASS" starttime="20220824 16:43:26.064" endtime="20220824 16:43:29.170"/>
</kw>
<kw name="Close Browser" library="SeleniumLibrary">
<doc>Closes the current browser.</doc>
<status status="PASS" starttime="20220824 16:43:29.170" endtime="20220824 16:43:30.070"/>
</kw>
<status status="PASS" starttime="20220824 16:43:26.064" endtime="20220824 16:43:30.070"/>
</kw>
<tag>Selenium Playground Automation</tag>
<timeout value="50 minutes"/>
<status status="PASS" starttime="20220824 16:42:41.198" endtime="20220824 16:43:30.070"/>
</test>
<status status="PASS" starttime="20220824 16:42:40.807" endtime="20220824 16:43:30.073"/>
</suite>
<status status="PASS" starttime="20220824 16:42:40.773" endtime="20220824 16:43:30.075"/>
</suite>
<statistics>
<total>
<stat pass="1" fail="0" skip="0">All Tests</stat>
</total>
<tag>
<stat pass="1" fail="0" skip="0">Selenium Playground Automation</stat>
</tag>
<suite>
<stat pass="1" fail="0" skip="0" id="s1" name="Tests">Tests</stat>
<stat pass="1" fail="0" skip="0" id="s1-s1" name="Test Sel Playground">Tests.Test Sel Playground</stat>
</suite>
</statistics>
<errors>
<msg timestamp="20220824 16:42:40.770" level="ERROR">Taking listener 'RobotStackTracer' into use failed: Importing listener 'RobotStackTracer' failed: ModuleNotFoundError: No module named 'RobotStackTracer'
Traceback (most recent call last):
  None
PYTHONPATH:
  /Users/applemacbook_pro/opt/anaconda3/bin
  /Users/applemacbook_pro/opt/anaconda3/lib/python39.zip
  /Users/applemacbook_pro/opt/anaconda3/lib/python3.9
  /Users/applemacbook_pro/opt/anaconda3/lib/python3.9/lib-dynload
  /Users/applemacbook_pro/opt/anaconda3/lib/python3.9/site-packages
  /Users/applemacbook_pro/opt/anaconda3/lib/python3.9/site-packages/aeosa
  /Users/applemacbook_pro/opt/anaconda3/lib/python3.9/site-packages/locket-0.2.1-py3.9.egg</msg>
</errors>
</robot>
